Added Component: Designator=C1(CAPC1608X90X35ML10T15)
Add component (AddParameter): Name = "Manufacturer"; Value = "Murata"; VariantName = "[No Variations]"
Add component (AddParameter): Name = "Part Number"; Value = "GRM188R71H472KA01D"; VariantName = "[No Variations]"
Added Component: Designator=C2(CAPC1608X90X35ML10T15)
Add component (AddParameter): Name = "Manufacturer"; Value = "Murata"; VariantName = "[No Variations]"
Add component (AddParameter): Name = "Part Number"; Value = "GRM188R71H472KA01D"; VariantName = "[No Variations]"
Added Component: Designator=C3(CAPC1608X90X35ML10T15)
Add component (AddParameter): Name = "Manufacturer"; Value = "Murata"; VariantName = "[No Variations]"
Add component (AddParameter): Name = "Part Number"; Value = "GRM188R71H472KA01D"; VariantName = "[No Variations]"
Added Component: Designator=C4(CAPC1608X90X35ML10T15)
Add component (AddParameter): Name = "Manufacturer"; Value = "Murata"; VariantName = "[No Variations]"
Add component (AddParameter): Name = "Part Number"; Value = "GRM188R71H472KA01D"; VariantName = "[No Variations]"
Added Component: Designator=C5(CAPC1608X90X35ML10T15)
Add component (AddParameter): Name = "Manufacturer"; Value = "Murata"; VariantName = "[No Variations]"
Add component (AddParameter): Name = "Part Number"; Value = "GRM188R71H472KA01D"; VariantName = "[No Variations]"
Added Component: Designator=C6(CAPC1608X90X35ML10T15)
Add component (AddParameter): Name = "Manufacturer"; Value = "Murata"; VariantName = "[No Variations]"
Add component (AddParameter): Name = "Part Number"; Value = "GRM188R71H472KA01D"; VariantName = "[No Variations]"
Added Component: Designator=C7(CAPC1608X90X35ML10T15)
Add component (AddParameter): Name = "Manufacturer"; Value = "Murata"; VariantName = "[No Variations]"
Add component (AddParameter): Name = "Part Number"; Value = "GRM188R71H472KA01D"; VariantName = "[No Variations]"
Added Component: Designator=C8(CAPC1608X90X35ML10T15)
Add component (AddParameter): Name = "Manufacturer"; Value = "Murata"; VariantName = "[No Variations]"
Add component (AddParameter): Name = "Part Number"; Value = "GRM188R71H472KA01D"; VariantName = "[No Variations]"
Added Component: Designator=C9(CAPC1608X90X35ML10T15)
Add component (AddParameter): Name = "Manufacturer"; Value = "Murata"; VariantName = "[No Variations]"
Add component (AddParameter): Name = "Part Number"; Value = "GRM188R71H472KA01D"; VariantName = "[No Variations]"
Added Component: Designator=C11(CAPC1608X90X35ML10T15)
Add component (AddParameter): Name = "Manufacturer"; Value = "Murata"; VariantName = "[No Variations]"
Add component (AddParameter): Name = "Part Number"; Value = "GRM188R71H472KA01D"; VariantName = "[No Variations]"
Added Component: Designator=C12(CAPC1608X90X35ML10T15)
Add component (AddParameter): Name = "Manufacturer"; Value = "Murata"; VariantName = "[No Variations]"
Add component (AddParameter): Name = "Part Number"; Value = "GRM188R71H472KA01D"; VariantName = "[No Variations]"
Added Component: Designator=C13(CAPC1608X90X35ML10T15)
Add component (AddParameter): Name = "Manufacturer"; Value = "Murata"; VariantName = "[No Variations]"
Add component (AddParameter): Name = "Part Number"; Value = "GRM188R71H472KA01D"; VariantName = "[No Variations]"
Added Component: Designator=C14(CAPC1608X90X35ML10T15)
Add component (AddParameter): Name = "Manufacturer"; Value = "Murata"; VariantName = "[No Variations]"
Add component (AddParameter): Name = "Part Number"; Value = "GRM188R71H472KA01D"; VariantName = "[No Variations]"
Added Component: Designator=C15(CAPC1608X90X35ML10T15)
Add component (AddParameter): Name = "Manufacturer"; Value = "Murata"; VariantName = "[No Variations]"
Add component (AddParameter): Name = "Part Number"; Value = "GRM188R71H472KA01D"; VariantName = "[No Variations]"
Added Component: Designator=C16(CAPC1608X90X35ML10T15)
Add component (AddParameter): Name = "Manufacturer"; Value = "Murata"; VariantName = "[No Variations]"
Add component (AddParameter): Name = "Part Number"; Value = "GRM188R71H472KA01D"; VariantName = "[No Variations]"
Added Component: Designator=C17(CAPC1608X90X35ML10T15)
Add component (AddParameter): Name = "Manufacturer"; Value = "Murata"; VariantName = "[No Variations]"
Add component (AddParameter): Name = "Part Number"; Value = "GRM188R71H472KA01D"; VariantName = "[No Variations]"
Added Component: Designator=CR1(SDO_DO-214AC_CIP)
Add component (AddParameter): Name = "Mfr_Name"; Value = "Comchip"; VariantName = "[No Variations]"
Add component (AddParameter): Name = "RefDes"; Value = ""; VariantName = "[No Variations]"
Add component (AddParameter): Name = "Type"; Value = "Diodes - Rectifiers, Single"; VariantName = "[No Variations]"
Added Component: Designator=CR2(SMASeries_LTF)
Add component (AddParameter): Name = "Mfr_Name"; Value = "Littelfuse Inc"; VariantName = "[No Variations]"
Add component (AddParameter): Name = "RefDes"; Value = ""; VariantName = "[No Variations]"
Add component (AddParameter): Name = "Type"; Value = ""; VariantName = "[No Variations]"
Added Component: Designator=J1(SM02B-SRSS-TB(LF)(SN))
Add component (AddParameter): Name = "Availability"; Value = "Unavailable"; VariantName = "[No Variations]"
Add component (AddParameter): Name = "MF"; Value = "JST Sales"; VariantName = "[No Variations]"
Add component (AddParameter): Name = "MP"; Value = "SM02B-SRSS-TB_LF__SN_"; VariantName = "[No Variations]"
Add component (AddParameter): Name = "Package"; Value = "None"; VariantName = "[No Variations]"
Add component (AddParameter): Name = "Price"; Value = "None"; VariantName = "[No Variations]"
Add component (AddParameter): Name = "SnapEDA_Link"; Value = "https://www.snapeda.com/parts/SM02B-SRSS-TB%28LF%29%28SN%29/JST%20Sales%20America%20Inc./view-part/447499/?ref=snap"; VariantName = "[No Variations]"
Add component (AddParameter): Name = "Value"; Value = ""; VariantName = "[No Variations]"
Added Component: Designator=J2(SM02B-SRSS-TB(LF)(SN))
Add component (AddParameter): Name = "Availability"; Value = "Unavailable"; VariantName = "[No Variations]"
Add component (AddParameter): Name = "MF"; Value = "JST Sales"; VariantName = "[No Variations]"
Add component (AddParameter): Name = "MP"; Value = "SM02B-SRSS-TB_LF__SN_"; VariantName = "[No Variations]"
Add component (AddParameter): Name = "Package"; Value = "None"; VariantName = "[No Variations]"
Add component (AddParameter): Name = "Price"; Value = "None"; VariantName = "[No Variations]"
Add component (AddParameter): Name = "SnapEDA_Link"; Value = "https://www.snapeda.com/parts/SM02B-SRSS-TB%28LF%29%28SN%29/JST%20Sales%20America%20Inc./view-part/447499/?ref=snap"; VariantName = "[No Variations]"
Add component (AddParameter): Name = "Value"; Value = ""; VariantName = "[No Variations]"
Added Component: Designator=J3(SM02B-SRSS-TB(LF)(SN))
Add component (AddParameter): Name = "Availability"; Value = "Unavailable"; VariantName = "[No Variations]"
Add component (AddParameter): Name = "MF"; Value = "JST Sales"; VariantName = "[No Variations]"
Add component (AddParameter): Name = "MP"; Value = "SM02B-SRSS-TB_LF__SN_"; VariantName = "[No Variations]"
Add component (AddParameter): Name = "Package"; Value = "None"; VariantName = "[No Variations]"
Add component (AddParameter): Name = "Price"; Value = "None"; VariantName = "[No Variations]"
Add component (AddParameter): Name = "SnapEDA_Link"; Value = "https://www.snapeda.com/parts/SM02B-SRSS-TB%28LF%29%28SN%29/JST%20Sales%20America%20Inc./view-part/447499/?ref=snap"; VariantName = "[No Variations]"
Add component (AddParameter): Name = "Value"; Value = ""; VariantName = "[No Variations]"
Added Component: Designator=L1(IND_EPCOS_B82498F_EPC)
Add component (AddParameter): Name = "Mfr_Name"; Value = "TDK"; VariantName = "[No Variations]"
Add component (AddParameter): Name = "RefDes"; Value = ""; VariantName = "[No Variations]"
Add component (AddParameter): Name = "Type"; Value = ""; VariantName = "[No Variations]"
Added Component: Designator=L2(IND_EPCOS_B82498F_EPC)
Add component (AddParameter): Name = "Mfr_Name"; Value = "TDK"; VariantName = "[No Variations]"
Add component (AddParameter): Name = "RefDes"; Value = ""; VariantName = "[No Variations]"
Add component (AddParameter): Name = "Type"; Value = ""; VariantName = "[No Variations]"
Added Component: Designator=P1(JST- S2B-PH-SM4-TB(LF)(SN)-2_V)
Add component (AddParameter): Name = "Colour"; Value = "Black"; VariantName = "[No Variations]"
Add component (AddParameter): Name = "ComponentLink1Description"; Value = "Manufacturer URL"; VariantName = "[No Variations]"
Add component (AddParameter): Name = "ComponentLink1URL"; Value = "http://www.jst.com/home2.html"; VariantName = "[No Variations]"
Add component (AddParameter): Name = "ComponentLink2Description"; Value = "Datasheet"; VariantName = "[No Variations]"
Add component (AddParameter): Name = "ComponentLink2URL"; Value = "http://www.jst-mfg.com/product/pdf/eng/ePH.pdf"; VariantName = "[No Variations]"
Add component (AddParameter): Name = "Contact Finish"; Value = "Lead"; VariantName = "[No Variations]"
Add component (AddParameter): Name = "Contact Material"; Value = "Bronze"; VariantName = "[No Variations]"
Add component (AddParameter): Name = "Contact Plating"; Value = "Tin"; VariantName = "[No Variations]"
Add component (AddParameter): Name = "Current Rating"; Value = "3 A"; VariantName = "[No Variations]"
Add component (AddParameter): Name = "DatasheetVersion"; Value = "Dec-12"; VariantName = "[No Variations]"
Add component (AddParameter): Name = "Height"; Value = "8.13 mm"; VariantName = "[No Variations]"
Add component (AddParameter): Name = "Lead Pitch"; Value = "0.1 inch"; VariantName = "[No Variations]"
Add component (AddParameter): Name = "Length"; Value = "101.19 mm"; VariantName = "[No Variations]"
Add component (AddParameter): Name = "Max Operating Temperature"; Value = "105degC"; VariantName = "[No Variations]"
Add component (AddParameter): Name = "Min Operating Temperature"; Value = "-65degC"; VariantName = "[No Variations]"
Add component (AddParameter): Name = "Mount"; Value = "Through Hole"; VariantName = "[No Variations]"
Add component (AddParameter): Name = "Package Quantity"; Value = "100"; VariantName = "[No Variations]"
Add component (AddParameter): Name = "PackageDescription"; Value = "Male Header, Pitch 2 mm, 1 x 2 Position, Height 5.5 mm"; VariantName = "[No Variations]"
Add component (AddParameter): Name = "PackageReference"; Value = "S2B-PH-SM4-TB(LF)(SN)-2"; VariantName = "[No Variations]"
Add component (AddParameter): Name = "Packaging"; Value = "Bulk"; VariantName = "[No Variations]"
Add component (AddParameter): Name = "Pins"; Value = "40"; VariantName = "[No Variations]"
Add component (AddParameter): Name = "Radiation Hardening"; Value = "No"; VariantName = "[No Variations]"
Add component (AddParameter): Name = "RoHSCompliant"; Value = "True"; VariantName = "[No Variations]"
Add component (AddParameter): Name = "Width"; Value = "2.34 mm"; VariantName = "[No Variations]"
Added Component: Designator=P2(JST- S2B-PH-SM4-TB(LF)(SN)-2_V)
Add component (AddParameter): Name = "Colour"; Value = "Black"; VariantName = "[No Variations]"
Add component (AddParameter): Name = "ComponentLink1Description"; Value = "Manufacturer URL"; VariantName = "[No Variations]"
Add component (AddParameter): Name = "ComponentLink1URL"; Value = "http://www.jst.com/home2.html"; VariantName = "[No Variations]"
Add component (AddParameter): Name = "ComponentLink2Description"; Value = "Datasheet"; VariantName = "[No Variations]"
Add component (AddParameter): Name = "ComponentLink2URL"; Value = "http://www.jst-mfg.com/product/pdf/eng/ePH.pdf"; VariantName = "[No Variations]"
Add component (AddParameter): Name = "Contact Finish"; Value = "Lead"; VariantName = "[No Variations]"
Add component (AddParameter): Name = "Contact Material"; Value = "Bronze"; VariantName = "[No Variations]"
Add component (AddParameter): Name = "Contact Plating"; Value = "Tin"; VariantName = "[No Variations]"
Add component (AddParameter): Name = "Current Rating"; Value = "3 A"; VariantName = "[No Variations]"
Add component (AddParameter): Name = "DatasheetVersion"; Value = "Dec-12"; VariantName = "[No Variations]"
Add component (AddParameter): Name = "Height"; Value = "8.13 mm"; VariantName = "[No Variations]"
Add component (AddParameter): Name = "Lead Pitch"; Value = "0.1 inch"; VariantName = "[No Variations]"
Add component (AddParameter): Name = "Length"; Value = "101.19 mm"; VariantName = "[No Variations]"
Add component (AddParameter): Name = "Max Operating Temperature"; Value = "105degC"; VariantName = "[No Variations]"
Add component (AddParameter): Name = "Min Operating Temperature"; Value = "-65degC"; VariantName = "[No Variations]"
Add component (AddParameter): Name = "Mount"; Value = "Through Hole"; VariantName = "[No Variations]"
Add component (AddParameter): Name = "Package Quantity"; Value = "100"; VariantName = "[No Variations]"
Add component (AddParameter): Name = "PackageDescription"; Value = "Male Header, Pitch 2 mm, 1 x 2 Position, Height 5.5 mm"; VariantName = "[No Variations]"
Add component (AddParameter): Name = "PackageReference"; Value = "S2B-PH-SM4-TB(LF)(SN)-2"; VariantName = "[No Variations]"
Add component (AddParameter): Name = "Packaging"; Value = "Bulk"; VariantName = "[No Variations]"
Add component (AddParameter): Name = "Pins"; Value = "40"; VariantName = "[No Variations]"
Add component (AddParameter): Name = "Radiation Hardening"; Value = "No"; VariantName = "[No Variations]"
Add component (AddParameter): Name = "RoHSCompliant"; Value = "True"; VariantName = "[No Variations]"
Add component (AddParameter): Name = "Width"; Value = "2.34 mm"; VariantName = "[No Variations]"
Added Component: Designator=P3(JST_S4B-PH-SM4-TB)
Add component (AddParameter): Name = "Availability"; Value = "Unavailable"; VariantName = "[No Variations]"
Add component (AddParameter): Name = "MF"; Value = "JST Sales"; VariantName = "[No Variations]"
Add component (AddParameter): Name = "MP"; Value = "S4B-PH-SM4-TB"; VariantName = "[No Variations]"
Add component (AddParameter): Name = "Package"; Value = "None"; VariantName = "[No Variations]"
Add component (AddParameter): Name = "Price"; Value = "None"; VariantName = "[No Variations]"
Add component (AddParameter): Name = "SnapEDA_Link"; Value = "https://www.snapeda.com/parts/S4B-PH-SM4-TB/JST%20Sales%20America%20Inc./view-part/473686/?ref=snap"; VariantName = "[No Variations]"
Add component (AddParameter): Name = "Value"; Value = ""; VariantName = "[No Variations]"
Added Component: Designator=R1(RESC1608X55X30ML20T20)
Add component (AddParameter): Name = "Manufacturer"; Value = "Panasonic"; VariantName = "[No Variations]"
Add component (AddParameter): Name = "Part Number"; Value = "ERA3AEB392V"; VariantName = "[No Variations]"
Added Component: Designator=R2(RESC1608X55X30ML20T20)
Add component (AddParameter): Name = "Manufacturer"; Value = "Panasonic"; VariantName = "[No Variations]"
Add component (AddParameter): Name = "Part Number"; Value = "ERA3AEB392V"; VariantName = "[No Variations]"
Added Component: Designator=R3(RESC1608X55X30ML20T20)
Add component (AddParameter): Name = "Manufacturer"; Value = "Panasonic"; VariantName = "[No Variations]"
Add component (AddParameter): Name = "Part Number"; Value = "ERA3AEB392V"; VariantName = "[No Variations]"
Added Component: Designator=R4(RESC1608X55X30ML20T20)
Add component (AddParameter): Name = "Manufacturer"; Value = "Panasonic"; VariantName = "[No Variations]"
Add component (AddParameter): Name = "Part Number"; Value = "ERA3AEB392V"; VariantName = "[No Variations]"
Added Component: Designator=R5(RESC1608X55X30ML20T20)
Add component (AddParameter): Name = "Manufacturer"; Value = "Panasonic"; VariantName = "[No Variations]"
Add component (AddParameter): Name = "Part Number"; Value = "ERA3AEB392V"; VariantName = "[No Variations]"
Added Component: Designator=R6(RESC1608X55X30ML20T20)
Add component (AddParameter): Name = "Manufacturer"; Value = "Panasonic"; VariantName = "[No Variations]"
Add component (AddParameter): Name = "Part Number"; Value = "ERA3AEB392V"; VariantName = "[No Variations]"
Added Component: Designator=R7(RESC1608X55X30ML20T20)
Add component (AddParameter): Name = "Manufacturer"; Value = "Panasonic"; VariantName = "[No Variations]"
Add component (AddParameter): Name = "Part Number"; Value = "ERA3AEB392V"; VariantName = "[No Variations]"
Added Component: Designator=R8(RESC1608X55X30ML20T20)
Add component (AddParameter): Name = "Manufacturer"; Value = "Panasonic"; VariantName = "[No Variations]"
Add component (AddParameter): Name = "Part Number"; Value = "ERA3AEB392V"; VariantName = "[No Variations]"
Added Component: Designator=R9(RESC1608X55X30ML20T20)
Add component (AddParameter): Name = "Manufacturer"; Value = "Panasonic"; VariantName = "[No Variations]"
Add component (AddParameter): Name = "Part Number"; Value = "ERA3AEB392V"; VariantName = "[No Variations]"
Added Component: Designator=R10(RESC1608X55X30ML20T20)
Add component (AddParameter): Name = "Manufacturer"; Value = "Panasonic"; VariantName = "[No Variations]"
Add component (AddParameter): Name = "Part Number"; Value = "ERA3AEB392V"; VariantName = "[No Variations]"
Added Component: Designator=R11(RESC1608X55X30ML20T20)
Add component (AddParameter): Name = "Manufacturer"; Value = "Panasonic"; VariantName = "[No Variations]"
Add component (AddParameter): Name = "Part Number"; Value = "ERA3AEB392V"; VariantName = "[No Variations]"
Added Component: Designator=R12(RESC1608X55X30ML20T20)
Add component (AddParameter): Name = "Manufacturer"; Value = "Panasonic"; VariantName = "[No Variations]"
Add component (AddParameter): Name = "Part Number"; Value = "ERA3AEB392V"; VariantName = "[No Variations]"
Added Component: Designator=SW1(FP-PTS636_SKG25_SMTR_LFS-MFG)
Added Component: Designator=U1(TSOT_303AIC_SGY)
Add component (AddParameter): Name = "Mfr_Name"; Value = "Silergy"; VariantName = "[No Variations]"
Add component (AddParameter): Name = "RefDes"; Value = "RefDes"; VariantName = "[No Variations]"
Add component (AddParameter): Name = "Type"; Value = "Type"; VariantName = "[No Variations]"
Added Component: Designator=U2(QFN50P300X300X100-17N)
Add component (AddParameter): Name = "Availability"; Value = "Unavailable"; VariantName = "[No Variations]"
Add component (AddParameter): Name = "DigiKey-Purchase-URL"; Value = "https://snapeda.com/shop?store=DigiKey&id=423292"; VariantName = "[No Variations]"
Add component (AddParameter): Name = "MF"; Value = "Texas Instruments"; VariantName = "[No Variations]"
Add component (AddParameter): Name = "Mouser-Purchase-URL"; Value = "https://snapeda.com/shop?store=Mouser&id=423292"; VariantName = "[No Variations]"
Add component (AddParameter): Name = "MP"; Value = "TLV62130RGTR"; VariantName = "[No Variations]"
Add component (AddParameter): Name = "Package"; Value = "VQFN-16 Texas Instruments"; VariantName = "[No Variations]"
Add component (AddParameter): Name = "Price"; Value = "None"; VariantName = "[No Variations]"
Add component (AddParameter): Name = "SnapEDA_Link"; Value = "https://www.snapeda.com/parts/TLV62130RGTR/Texas%20Instruments/view-part/423292/?ref=snap"; VariantName = "[No Variations]"
Add component (AddParameter): Name = "Texas_Instruments-Purchase-URL"; Value = "https://snapeda.com/shop?store=Texas+Instruments&id=423292"; VariantName = "[No Variations]"
Add component (AddParameter): Name = "Value"; Value = ""; VariantName = "[No Variations]"
Added Component: Designator=U3(SO8_SOT96-1_NXP)
Add component (AddParameter): Name = "Mfr_Name"; Value = "NXP"; VariantName = "[No Variations]"
Add component (AddParameter): Name = "RefDes"; Value = "RefDes"; VariantName = "[No Variations]"
Add component (AddParameter): Name = "Type"; Value = "Type"; VariantName = "[No Variations]"
Added Component: Designator=U4(LQFP48_N)
Add component (AddParameter): Name = "ComponentLink1Description"; Value = "Manufacturer Link"; VariantName = "[No Variations]"
Add component (AddParameter): Name = "ComponentLink1URL"; Value = "www.st.com/stm32"; VariantName = "[No Variations]"
Add component (AddParameter): Name = "ComponentLink2Description"; Value = "Datasheet"; VariantName = "[No Variations]"
Add component (AddParameter): Name = "ComponentLink2URL"; Value = "http://www.st.com/stonline/products/literature/ds/13586.pdf"; VariantName = "[No Variations]"
Add component (AddParameter): Name = "DatasheetVersion"; Value = "rev6, Mar-2008"; VariantName = "[No Variations]"
Add component (AddParameter): Name = "PackageDescription"; Value = "48-Pin Low-Profile Quad Flat Pack, 7 x 7 mm Body, 0.5 mm Pitch (LQFP48)"; VariantName = "[No Variations]"
Add component (AddParameter): Name = "PackageReference"; Value = "LQFP48"; VariantName = "[No Variations]"
Add component (AddParameter): Name = "PackageVersion"; Value = "Mar-2008"; VariantName = "[No Variations]"
Add component (AddParameter): Name = "Published"; Value = "30-May-2008"; VariantName = "[No Variations]"
Add component (AddParameter): Name = "Publisher"; Value = "Altium Limited"; VariantName = "[No Variations]"
Added Component: Designator=U5(SOIC127P600X175-8N-8-V)
Add component (AddParameter): Name = "Availability"; Value = "In Stock"; VariantName = "[No Variations]"
Add component (AddParameter): Name = "Check_prices"; Value = "https://www.snapeda.com/parts/TLE5012B%20E1000/Infineon+Technologies/view-part/?ref=eda"; VariantName = "[No Variations]"
Add component (AddParameter): Name = "MF"; Value = "Infineon Technologies"; VariantName = "[No Variations]"
Add component (AddParameter): Name = "MP"; Value = "TLE5012B E1000"; VariantName = "[No Variations]"
Add component (AddParameter): Name = "Package"; Value = "SOIC-8 Infineon Technologies"; VariantName = "[No Variations]"
Add component (AddParameter): Name = "Price"; Value = "None"; VariantName = "[No Variations]"
Add component (AddParameter): Name = "SnapEDA_Link"; Value = "https://www.snapeda.com/parts/TLE5012B%20E1000/Infineon+Technologies/view-part/?ref=snap"; VariantName = "[No Variations]"
Add component (AddParameter): Name = "Value"; Value = ""; VariantName = "[No Variations]"
Added Component: Designator=U6(SOIC127P599X175-9N)
Add component (AddParameter): Name = "Availability"; Value = "In Stock"; VariantName = "[No Variations]"
Add component (AddParameter): Name = "Check_prices"; Value = "https://www.snapeda.com/parts/TB67H450FNG,EL/Toshiba+Semiconductor+and+Storage/view-part/?ref=eda"; VariantName = "[No Variations]"
Add component (AddParameter): Name = "MF"; Value = "Toshiba Semiconductor and Storage"; VariantName = "[No Variations]"
Add component (AddParameter): Name = "MP"; Value = "TB67H450FNG,EL"; VariantName = "[No Variations]"
Add component (AddParameter): Name = "Package"; Value = "SOIC-8 Toshiba Semiconductor and Storage"; VariantName = "[No Variations]"
Add component (AddParameter): Name = "Price"; Value = "None"; VariantName = "[No Variations]"
Add component (AddParameter): Name = "Purchase-URL"; Value = "https://pricing.snapeda.com/search?q=TB67H450FNG,EL&ref=eda"; VariantName = "[No Variations]"
Add component (AddParameter): Name = "SnapEDA_Link"; Value = "https://www.snapeda.com/parts/TB67H450FNG,EL/Toshiba+Semiconductor+and+Storage/view-part/?ref=snap"; VariantName = "[No Variations]"
Add component (AddParameter): Name = "Value"; Value = ""; VariantName = "[No Variations]"
Added Component: Designator=U7(SOIC127P599X175-9N)
Add component (AddParameter): Name = "Availability"; Value = "In Stock"; VariantName = "[No Variations]"
Add component (AddParameter): Name = "Check_prices"; Value = "https://www.snapeda.com/parts/TB67H450FNG,EL/Toshiba+Semiconductor+and+Storage/view-part/?ref=eda"; VariantName = "[No Variations]"
Add component (AddParameter): Name = "MF"; Value = "Toshiba Semiconductor and Storage"; VariantName = "[No Variations]"
Add component (AddParameter): Name = "MP"; Value = "TB67H450FNG,EL"; VariantName = "[No Variations]"
Add component (AddParameter): Name = "Package"; Value = "SOIC-8 Toshiba Semiconductor and Storage"; VariantName = "[No Variations]"
Add component (AddParameter): Name = "Price"; Value = "None"; VariantName = "[No Variations]"
Add component (AddParameter): Name = "Purchase-URL"; Value = "https://pricing.snapeda.com/search?q=TB67H450FNG,EL&ref=eda"; VariantName = "[No Variations]"
Add component (AddParameter): Name = "SnapEDA_Link"; Value = "https://www.snapeda.com/parts/TB67H450FNG,EL/Toshiba+Semiconductor+and+Storage/view-part/?ref=snap"; VariantName = "[No Variations]"
Add component (AddParameter): Name = "Value"; Value = ""; VariantName = "[No Variations]"
Added Component: Designator=Y1(FP-CSTCE_V-MFG)
Add component (AddParameter): Name = "Capacitance"; Value = "15pF"; VariantName = "[No Variations]"
Add component (AddParameter): Name = "Case/Package"; Value = "SMD/SMT"; VariantName = "[No Variations]"
Add component (AddParameter): Name = "Contact Plating"; Value = "Gold"; VariantName = "[No Variations]"
Add component (AddParameter): Name = "Frequency"; Value = "20MHz"; VariantName = "[No Variations]"
Add component (AddParameter): Name = "Frequency Stability"; Value = "0.3%"; VariantName = "[No Variations]"
Add component (AddParameter): Name = "Frequency Tolerance"; Value = "0.5%"; VariantName = "[No Variations]"
Add component (AddParameter): Name = "Height"; Value = "0.039inch"; VariantName = "[No Variations]"
Add component (AddParameter): Name = "Impedance"; Value = "40R"; VariantName = "[No Variations]"
Add component (AddParameter): Name = "Lead Free"; Value = "Lead Free"; VariantName = "[No Variations]"
Add component (AddParameter): Name = "Length"; Value = "0.126inch"; VariantName = "[No Variations]"
Add component (AddParameter): Name = "Load Capacitance"; Value = "15pF"; VariantName = "[No Variations]"
Add component (AddParameter): Name = "Max Operating Temperature"; Value = "80°C"; VariantName = "[No Variations]"
Add component (AddParameter): Name = "Min Operating Temperature"; Value = "-20°C"; VariantName = "[No Variations]"
Add component (AddParameter): Name = "Mount"; Value = "Surface Mount"; VariantName = "[No Variations]"
Add component (AddParameter): Name = "Number of Pins"; Value = "3"; VariantName = "[No Variations]"
Add component (AddParameter): Name = "Package Quantity"; Value = "3000"; VariantName = "[No Variations]"
Add component (AddParameter): Name = "Packaging"; Value = "Tape and Reel"; VariantName = "[No Variations]"
Add component (AddParameter): Name = "REACH SVHC"; Value = "No SVHC"; VariantName = "[No Variations]"
Add component (AddParameter): Name = "Resistor Type"; Value = "Ceramic"; VariantName = "[No Variations]"
Add component (AddParameter): Name = "Self Resonant Frequency"; Value = "20MHz"; VariantName = "[No Variations]"
Add component (AddParameter): Name = "Termination"; Value = "SMD/SMT"; VariantName = "[No Variations]"
Add component (AddParameter): Name = "Tolerance"; Value = "0.5%"; VariantName = "[No Variations]"
Add component (AddParameter): Name = "Width"; Value = "0.051inch"; VariantName = "[No Variations]"
Added Pin To Net: NetName=NetC1_1 Pin=C1-1
Added Pin To Net: NetName=VCC_5V Pin=C1-2
Added Pin To Net: NetName=NetC2_1 Pin=C2-1
Added Pin To Net: NetName=VCC_5V Pin=C2-2
Added Pin To Net: NetName=GND Pin=C3-1
Added Pin To Net: NetName=VCC_24V Pin=C3-2
Added Pin To Net: NetName=GND Pin=C4-1
Added Pin To Net: NetName=VCC_5V Pin=C4-2
Added Pin To Net: NetName=GND Pin=C5-1
Added Pin To Net: NetName=VCC_5V Pin=C5-2
Added Pin To Net: NetName=GND Pin=C6-1
Added Pin To Net: NetName=NetC6_2 Pin=C6-2
Added Pin To Net: NetName=GND Pin=C7-1
Added Pin To Net: NetName=VCC_3V3 Pin=C7-2
Added Pin To Net: NetName=GND Pin=C8-1
Added Pin To Net: NetName=VCC_5V Pin=C8-2
Added Pin To Net: NetName=VCC_3V3 Pin=C9-1
Added Pin To Net: NetName=GND Pin=C11-1
Added Pin To Net: NetName=VCC_3V3 Pin=C11-2
Added Pin To Net: NetName=GND Pin=C12-1
Added Pin To Net: NetName=VCC_3V3 Pin=C12-2
Added Pin To Net: NetName=GND Pin=C13-1
Added Pin To Net: NetName=VCC_3V3 Pin=C13-2
Added Pin To Net: NetName=GND Pin=C14-1
Added Pin To Net: NetName=VCC_3V3 Pin=C14-2
Added Pin To Net: NetName=GND Pin=C15-1
Added Pin To Net: NetName=VCC_3V3 Pin=C15-2
Added Pin To Net: NetName=GND Pin=C16-1
Added Pin To Net: NetName=VCC_3V3 Pin=C16-2
Added Pin To Net: NetName=GND Pin=C17-1
Added Pin To Net: NetName=VCC_3V3 Pin=C17-2
Added Pin To Net: NetName=VCC_24V Pin=CR1-1
Added Pin To Net: NetName=VCC_24V Pin=CR2-1
Added Pin To Net: NetName=GND Pin=CR2-2
Added Pin To Net: NetName=CANH Pin=J2-1
Added Pin To Net: NetName=CANL Pin=J2-2
Added Pin To Net: NetName=CANH Pin=J3-1
Added Pin To Net: NetName=CANL Pin=J3-2
Added Pin To Net: NetName=VCC_5V Pin=L1-1
Added Pin To Net: NetName=VCC_3V3 Pin=L2-1
Added Pin To Net: NetName=GND Pin=P1-2
Added Pin To Net: NetName=GND Pin=P1-MP1
Added Pin To Net: NetName=GND Pin=P1-MP2
Added Pin To Net: NetName=GND Pin=P2-2
Added Pin To Net: NetName=GND Pin=P2-MP1
Added Pin To Net: NetName=GND Pin=P2-MP2
Added Pin To Net: NetName=NetC1_1 Pin=R1-1
Added Pin To Net: NetName=VCC_5V Pin=R1-2
Added Pin To Net: NetName=GND Pin=R2-1
Added Pin To Net: NetName=NetC1_1 Pin=R2-2
Added Pin To Net: NetName=GND Pin=R3-1
Added Pin To Net: NetName=NetR3_2 Pin=R3-2
Added Pin To Net: NetName=NetR4_1 Pin=R4-1
Added Pin To Net: NetName=VCC_24V Pin=R4-2
Added Pin To Net: NetName=VCC_3V3 Pin=R5-1
Added Pin To Net: NetName=NetR5_2 Pin=R5-2
Added Pin To Net: NetName=VCC_3V3 Pin=R6-1
Added Pin To Net: NetName=NetR6_2 Pin=R6-2
Added Pin To Net: NetName=GND Pin=R7-1
Added Pin To Net: NetName=NetR6_2 Pin=R7-2
Added Pin To Net: NetName=GND Pin=R8-2
Added Pin To Net: NetName=GND Pin=R9-2
Added Pin To Net: NetName=CANH Pin=R12-1
Added Pin To Net: NetName=CANL Pin=R12-2
Added Pin To Net: NetName=VCC_3V3 Pin=SW1-1
Added Pin To Net: NetName=NetC1_1 Pin=U1-1
Added Pin To Net: NetName=NetR3_2 Pin=U1-2
Added Pin To Net: NetName=GND Pin=U1-3
Added Pin To Net: NetName=GND Pin=U1-4
Added Pin To Net: NetName=VCC_24V Pin=U1-5
Added Pin To Net: NetName=NetC2_1 Pin=U1-7
Added Pin To Net: NetName=NetR4_1 Pin=U1-8
Added Pin To Net: NetName=NetR5_2 Pin=U2-4
Added Pin To Net: NetName=NetR6_2 Pin=U2-5
Added Pin To Net: NetName=GND Pin=U2-6
Added Pin To Net: NetName=GND Pin=U2-7
Added Pin To Net: NetName=GND Pin=U2-8
Added Pin To Net: NetName=NetC6_2 Pin=U2-9
Added Pin To Net: NetName=VCC_5V Pin=U2-10
Added Pin To Net: NetName=VCC_5V Pin=U2-11
Added Pin To Net: NetName=VCC_5V Pin=U2-12
Added Pin To Net: NetName=VCC_5V Pin=U2-13
Added Pin To Net: NetName=VCC_3V3 Pin=U2-14
Added Pin To Net: NetName=GND Pin=U2-15
Added Pin To Net: NetName=GND Pin=U2-16
Added Pin To Net: NetName=GND Pin=U2-17
Added Pin To Net: NetName=GND Pin=U3-2
Added Pin To Net: NetName=VCC_5V Pin=U3-3
Added Pin To Net: NetName=CANL Pin=U3-6
Added Pin To Net: NetName=CANH Pin=U3-7
Added Pin To Net: NetName=VCC_3V3 Pin=U4-1
Added Pin To Net: NetName=GND Pin=U4-8
Added Pin To Net: NetName=VCC_3V3 Pin=U4-9
Added Pin To Net: NetName=GND Pin=U4-23
Added Pin To Net: NetName=VCC_3V3 Pin=U4-24
Added Pin To Net: NetName=GND Pin=U4-35
Added Pin To Net: NetName=VCC_3V3 Pin=U4-36
Added Pin To Net: NetName=GND Pin=U4-47
Added Pin To Net: NetName=VCC_3V3 Pin=U4-48
Added Pin To Net: NetName=VCC_3V3 Pin=U5-4
Added Pin To Net: NetName=GND Pin=U5-8
Added Pin To Net: NetName=GND Pin=U6-1
Added Pin To Net: NetName=VCC_24V Pin=U6-5
Added Pin To Net: NetName=GND Pin=U6-9
Added Pin To Net: NetName=GND Pin=U7-1
Added Pin To Net: NetName=VCC_24V Pin=U7-5
Added Pin To Net: NetName=GND Pin=U7-9
Added Pin To Net: NetName=GND Pin=Y1-2
Added Pin To Net: NetName=BOOT0 Pin=R9-1
Added Pin To Net: NetName=BOOT0 Pin=U4-44
Added Net: Name=BOOT0
Added Pin To Net: NetName=CSN Pin=U5-1
Added Net: Name=CSN
Added Pin To Net: NetName=HVPP Pin=U5-2
Added Net: Name=HVPP
Added Pin To Net: NetName=IN1-U6 Pin=P3-4
Added Pin To Net: NetName=IN1-U6 Pin=U6-3
Added Net: Name=IN1-U6
Added Pin To Net: NetName=IN1-U7 Pin=P3-2
Added Pin To Net: NetName=IN1-U7 Pin=U7-3
Added Net: Name=IN1-U7
Added Pin To Net: NetName=IN2-U6 Pin=P3-3
Added Pin To Net: NetName=IN2-U6 Pin=U6-2
Added Net: Name=IN2-U6
Added Pin To Net: NetName=IN2-U7 Pin=P3-1
Added Pin To Net: NetName=IN2-U7 Pin=U7-2
Added Net: Name=IN2-U7
Added Pin To Net: NetName=MISO Pin=U5-6
Added Net: Name=MISO
Added Pin To Net: NetName=MOSI Pin=U5-5
Added Net: Name=MOSI
Added Pin To Net: NetName=NetL1_2 Pin=L1-2
Added Pin To Net: NetName=NetL1_2 Pin=U1-6
Added Net: Name=NetL1_2
Added Pin To Net: NetName=NetL2_2 Pin=L2-2
Added Pin To Net: NetName=NetL2_2 Pin=U2-1
Added Pin To Net: NetName=NetL2_2 Pin=U2-2
Added Pin To Net: NetName=NetL2_2 Pin=U2-3
Added Net: Name=NetL2_2
Added Pin To Net: NetName=NRST Pin=C9-2
Added Pin To Net: NetName=NRST Pin=R8-1
Added Pin To Net: NetName=NRST Pin=SW1-2
Added Pin To Net: NetName=NRST Pin=U4-7
Added Net: Name=NRST
Added Pin To Net: NetName=OSC_IN Pin=U4-5
Added Pin To Net: NetName=OSC_IN Pin=Y1-1
Added Net: Name=OSC_IN
Added Pin To Net: NetName=OSC_OUT Pin=U4-6
Added Pin To Net: NetName=OSC_OUT Pin=Y1-3
Added Net: Name=OSC_OUT
Added Pin To Net: NetName=OUT1-U6 Pin=U6-6
Added Net: Name=OUT1-U6
Added Pin To Net: NetName=OUT1-U7 Pin=U7-6
Added Net: Name=OUT1-U7
Added Pin To Net: NetName=OUT2-U6 Pin=U6-8
Added Net: Name=OUT2-U6
Added Pin To Net: NetName=OUT2-U7 Pin=U7-8
Added Net: Name=OUT2-U7
Added Pin To Net: NetName=OUT Pin=U5-3
Added Net: Name=OUT
Added Pin To Net: NetName=RXD Pin=U3-4
Added Pin To Net: NetName=RXD Pin=U4-32
Added Net: Name=RXD
Added Pin To Net: NetName=SCK Pin=U5-7
Added Net: Name=SCK
Added Pin To Net: NetName=S Pin=U3-8
Added Net: Name=S
Added Pin To Net: NetName=SWCLK Pin=J1-2
Added Pin To Net: NetName=SWCLK Pin=U4-37
Added Net: Name=SWCLK
Added Pin To Net: NetName=SWDIO Pin=J1-1
Added Pin To Net: NetName=SWDIO Pin=U4-34
Added Net: Name=SWDIO
Added Pin To Net: NetName=TXD Pin=U3-1
Added Pin To Net: NetName=TXD Pin=U4-33
Added Net: Name=TXD
Added Pin To Net: NetName=VCC_IN Pin=CR1-2
Added Pin To Net: NetName=VCC_IN Pin=P1-1
Added Pin To Net: NetName=VCC_IN Pin=P2-1
Added Net: Name=VCC_IN
Added Pin To Net: NetName=VREF-U6 Pin=U6-4
Added Net: Name=VREF-U6
Added Pin To Net: NetName=VREF-U7 Pin=U7-4
Added Net: Name=VREF-U7
Added Member To Class: ClassName=Motor-20 Member=Component C1 12pF
Added Member To Class: ClassName=Motor-20 Member=Component C2 10nF
Added Member To Class: ClassName=Motor-20 Member=Component C3 100uF
Added Member To Class: ClassName=Motor-20 Member=Component C4 0.1uF
Added Member To Class: ClassName=Motor-20 Member=Component C5 10uF
Added Member To Class: ClassName=Motor-20 Member=Component C6 3.3nF
Added Member To Class: ClassName=Motor-20 Member=Component C7 22uF
Added Member To Class: ClassName=Motor-20 Member=Component C8 100uF
Added Member To Class: ClassName=Motor-20 Member=Component C9 10uF
Added Member To Class: ClassName=Motor-20 Member=Component C11 0.1uF
Added Member To Class: ClassName=Motor-20 Member=Component C12 0.1uF
Added Member To Class: ClassName=Motor-20 Member=Component C13 0.1uF
Added Member To Class: ClassName=Motor-20 Member=Component C14 1uF
Added Member To Class: ClassName=Motor-20 Member=Component C15 10nF
Added Member To Class: ClassName=Motor-20 Member=Component C16 10uF
Added Member To Class: ClassName=Motor-20 Member=Component C17 0.1uF
Added Member To Class: ClassName=Motor-20 Member=Component CR1 SS54-HF
Added Member To Class: ClassName=Motor-20 Member=Component CR2 SMAJ30CA
Added Member To Class: ClassName=Motor-20 Member=Component J1
Added Member To Class: ClassName=Motor-20 Member=Component J2
Added Member To Class: ClassName=Motor-20 Member=Component J3
Added Member To Class: ClassName=Motor-20 Member=Component L1 2.2uH
Added Member To Class: ClassName=Motor-20 Member=Component L2 2.2uH
Added Member To Class: ClassName=Motor-20 Member=Component P1
Added Member To Class: ClassName=Motor-20 Member=Component P2
Added Member To Class: ClassName=Motor-20 Member=Component P3 S4B-PH-SM4-TB
Added Member To Class: ClassName=Motor-20 Member=Component R1 110K
Added Member To Class: ClassName=Motor-20 Member=Component R2 15K
Added Member To Class: ClassName=Motor-20 Member=Component R3 47K
Added Member To Class: ClassName=Motor-20 Member=Component R4 47K
Added Member To Class: ClassName=Motor-20 Member=Component R5 100K
Added Member To Class: ClassName=Motor-20 Member=Component R6 750K
Added Member To Class: ClassName=Motor-20 Member=Component R7 240K
Added Member To Class: ClassName=Motor-20 Member=Component R8 10K
Added Member To Class: ClassName=Motor-20 Member=Component R9 10K
Added Member To Class: ClassName=Motor-20 Member=Component R10 0.1R
Added Member To Class: ClassName=Motor-20 Member=Component R11 0.1R
Added Member To Class: ClassName=Motor-20 Member=Component R12 120R
Added Member To Class: ClassName=Motor-20 Member=Component SW1
Added Member To Class: ClassName=Motor-20 Member=Component U1 SY8303AIC
Added Member To Class: ClassName=Motor-20 Member=Component U2 TLV62130RGTR
Added Member To Class: ClassName=Motor-20 Member=Component U3 TJA1051T31J
Added Member To Class: ClassName=Motor-20 Member=Component U4 STM32F101CBT6
Added Member To Class: ClassName=Motor-20 Member=Component U5 MT6816
Added Member To Class: ClassName=Motor-20 Member=Component U6 TB67H450FNG,EL
Added Member To Class: ClassName=Motor-20 Member=Component U7 TB67H450FNG,EL
Added Member To Class: ClassName=Motor-20 Member=Component Y1
Added Room: Name=Motor-20
